2026-04-15 10:31:24 | INFO | Imports gedaan — SDM: BikeToDrive_6 _SourceDataModel.db
2026-04-15 10:31:24 | INFO | TABLE_MAPPING gedefinieerd — 23 tabellen geconfigureerd
2026-04-15 10:31:25 | INFO | Generieke functies gedefinieerd (reset_sdm, load_db_to_sdm)
2026-04-15 10:31:25 | INFO | ==================================================
2026-04-15 10:31:25 | INFO | START FULL REFRESH VAN SOURCE DATA MODEL
2026-04-15 10:31:25 | INFO | ==================================================
2026-04-15 10:31:25 | INFO | STAP 1: Reset — alle SDM tabellen leegmaken
2026-04-15 10:31:25 | INFO | STAP 2: Data laden van operationele databases
2026-04-15 10:31:25 | INFO | --- Laden uit: BikeToDrive_1_Accessoireverkoop.db ---
2026-04-15 10:31:25 | INFO | --- Laden uit: BikeToDrive_2_Fietsverkoop.db ---
2026-04-15 10:31:25 | INFO | --- Laden uit: BikeToDrive_3_Onderhoud.db ---
2026-04-15 10:31:25 | INFO | --- Laden uit: BikeToDrive_4_Accessoire_Inkoop.db ---
2026-04-15 10:31:25 | INFO | --- Laden uit: BikeToDrive_5_Fiets_Inkoop.db ---
2026-04-15 10:31:25 | INFO | ==================================================
2026-04-15 10:31:25 | INFO | FULL REFRESH SUCCESVOL AFGEROND
2026-04-15 10:31:25 | INFO | ==================================================
2026-04-15 10:31:25 | INFO | START RESET SDM
2026-04-15 10:31:25 | INFO | RESET VOLTOOID — SDM IS LEEG
2026-04-15 10:31:25 | INFO | Verificatie gestart...
2026-04-15 11:41:11 | INFO | Imports gedaan — SDM: BikeToDrive_6 _SourceDataModel.db
2026-04-15 11:41:12 | INFO | Imports gedaan — SDM: BikeToDrive_6 _SourceDataModel.db
2026-04-15 11:41:12 | INFO | TABLE_MAPPING gedefinieerd — 23 tabellen geconfigureerd
2026-04-15 11:41:12 | INFO | Generieke functies gedefinieerd (reset_sdm, load_db_to_sdm)
2026-04-15 11:41:12 | INFO | ==================================================
2026-04-15 11:41:12 | INFO | START FULL REFRESH VAN SOURCE DATA MODEL
2026-04-15 11:41:12 | INFO | ==================================================
2026-04-15 11:41:12 | INFO | STAP 1: Reset — alle SDM tabellen leegmaken
2026-04-15 11:41:12 | INFO | STAP 2: Data laden van operationele databases
2026-04-15 11:41:12 | INFO | --- Laden uit: BikeToDrive_1_Accessoireverkoop.db ---
2026-04-15 11:41:12 | INFO | --- Laden uit: BikeToDrive_2_Fietsverkoop.db ---
2026-04-15 11:41:12 | INFO | --- Laden uit: BikeToDrive_3_Onderhoud.db ---
2026-04-15 11:41:12 | INFO | --- Laden uit: BikeToDrive_4_Accessoire_Inkoop.db ---
2026-04-15 11:41:12 | INFO | --- Laden uit: BikeToDrive_5_Fiets_Inkoop.db ---
2026-04-15 11:41:12 | INFO | ==================================================
2026-04-15 11:41:12 | INFO | FULL REFRESH SUCCESVOL AFGEROND
2026-04-15 11:41:12 | INFO | ==================================================
2026-04-15 11:41:12 | INFO | START RESET SDM
2026-04-15 11:41:12 | INFO | RESET VOLTOOID — SDM IS LEEG
2026-04-15 11:41:12 | INFO | Verificatie gestart...
2026-04-15 11:41:12 | INFO | Verificatie afgerond — 23 tabellen gecontroleerd
2026-04-15 11:41:12 | INFO | Preview 'Fiets_Inkoop' — 0 rijen getoond
2026-04-15 11:42:30 | INFO | Imports gedaan — SDM: BikeToDrive_6 _SourceDataModel.db
2026-04-15 11:42:30 | INFO | TABLE_MAPPING gedefinieerd — 23 tabellen geconfigureerd
2026-04-15 11:42:30 | INFO | Generieke functies gedefinieerd (reset_sdm, load_db_to_sdm)
2026-04-15 11:42:30 | INFO | ==================================================
2026-04-15 11:42:30 | INFO | START FULL REFRESH VAN SOURCE DATA MODEL
2026-04-15 11:42:30 | INFO | ==================================================
2026-04-15 11:42:30 | INFO | STAP 1: Reset — alle SDM tabellen leegmaken
2026-04-15 11:42:30 | INFO | STAP 2: Data laden van operationele databases
2026-04-15 11:42:30 | INFO | --- Laden uit: BikeToDrive_1_Accessoireverkoop.db ---
2026-04-15 11:42:30 | INFO | --- Laden uit: BikeToDrive_2_Fietsverkoop.db ---
2026-04-15 11:42:30 | INFO | --- Laden uit: BikeToDrive_3_Onderhoud.db ---
2026-04-15 11:42:30 | INFO | --- Laden uit: BikeToDrive_4_Accessoire_Inkoop.db ---
2026-04-15 11:42:30 | INFO | --- Laden uit: BikeToDrive_5_Fiets_Inkoop.db ---
2026-04-15 11:42:30 | INFO | ==================================================
2026-04-15 11:42:30 | INFO | FULL REFRESH SUCCESVOL AFGEROND
2026-04-15 11:42:30 | INFO | ==================================================
2026-04-15 11:42:30 | INFO | START RESET SDM
2026-04-15 11:42:30 | INFO | RESET VOLTOOID — SDM IS LEEG
2026-04-15 11:42:30 | INFO | Verificatie gestart...
2026-04-15 11:42:30 | INFO | Verificatie afgerond — 23 tabellen gecontroleerd
2026-04-15 11:42:30 | INFO | Preview 'Fiets_Inkoop' — 0 rijen getoond
2026-04-15 11:46:43 | INFO | Imports gedaan — SDM: BikeToDrive_6 _SourceDataModel.db
2026-04-15 11:46:44 | INFO | Imports gedaan — SDM: BikeToDrive_6 _SourceDataModel.db
2026-04-15 11:46:44 | INFO | TABLE_MAPPING gedefinieerd — 23 tabellen geconfigureerd
2026-04-15 11:46:44 | INFO | Generieke functies gedefinieerd (reset_sdm, load_db_to_sdm)
2026-04-15 11:46:44 | INFO | ==================================================
2026-04-15 11:46:44 | INFO | START FULL REFRESH VAN SOURCE DATA MODEL
2026-04-15 11:46:44 | INFO | ==================================================
2026-04-15 11:46:44 | INFO | STAP 1: Reset — alle SDM tabellen leegmaken
2026-04-15 11:46:44 | INFO | STAP 2: Data laden van operationele databases
2026-04-15 11:46:44 | INFO | --- Laden uit: BikeToDrive_1_Accessoireverkoop.db ---
2026-04-15 11:46:44 | INFO | --- Laden uit: BikeToDrive_2_Fietsverkoop.db ---
2026-04-15 11:46:44 | INFO | --- Laden uit: BikeToDrive_3_Onderhoud.db ---
2026-04-15 11:46:44 | INFO | --- Laden uit: BikeToDrive_4_Accessoire_Inkoop.db ---
2026-04-15 11:46:44 | INFO | --- Laden uit: BikeToDrive_5_Fiets_Inkoop.db ---
2026-04-15 11:46:44 | INFO | ==================================================
2026-04-15 11:46:44 | INFO | FULL REFRESH SUCCESVOL AFGEROND
2026-04-15 11:46:44 | INFO | ==================================================
2026-04-15 11:46:44 | INFO | START RESET SDM
2026-04-15 11:46:44 | INFO | RESET VOLTOOID — SDM IS LEEG
2026-04-15 11:46:44 | INFO | Verificatie gestart...
2026-04-15 11:46:44 | INFO | Verificatie afgerond — 23 tabellen gecontroleerd
2026-04-15 11:46:44 | INFO | Preview 'Fiets_Inkoop' — 0 rijen getoond
2026-04-15 11:47:10 | INFO | Imports gedaan — SDM: BikeToDrive_6 _SourceDataModel.db
2026-04-15 11:47:10 | INFO | TABLE_MAPPING gedefinieerd — 23 tabellen geconfigureerd
2026-04-15 11:47:10 | INFO | Generieke functies gedefinieerd (reset_sdm, load_db_to_sdm)
2026-04-15 11:47:10 | INFO | ==================================================
2026-04-15 11:47:10 | INFO | START FULL REFRESH VAN SOURCE DATA MODEL
2026-04-15 11:47:10 | INFO | ==================================================
2026-04-15 11:47:10 | INFO | STAP 1: Reset — alle SDM tabellen leegmaken
2026-04-15 11:47:10 | INFO | STAP 2: Data laden van operationele databases
2026-04-15 11:47:10 | INFO | --- Laden uit: BikeToDrive_1_Accessoireverkoop.db ---
2026-04-15 11:47:10 | INFO | --- Laden uit: BikeToDrive_2_Fietsverkoop.db ---
2026-04-15 11:47:10 | INFO | --- Laden uit: BikeToDrive_3_Onderhoud.db ---
2026-04-15 11:47:11 | INFO | --- Laden uit: BikeToDrive_4_Accessoire_Inkoop.db ---
2026-04-15 11:47:11 | INFO | --- Laden uit: BikeToDrive_5_Fiets_Inkoop.db ---
2026-04-15 11:47:11 | INFO | ==================================================
2026-04-15 11:47:11 | INFO | FULL REFRESH SUCCESVOL AFGEROND
2026-04-15 11:47:11 | INFO | ==================================================
2026-04-15 11:47:11 | INFO | START RESET SDM
2026-04-15 11:47:11 | INFO | RESET VOLTOOID — SDM IS LEEG
2026-04-15 11:47:11 | INFO | Verificatie gestart...
2026-04-15 11:47:11 | INFO | Verificatie afgerond — 23 tabellen gecontroleerd
2026-04-15 11:47:11 | INFO | Preview 'Fiets_Inkoop' — 0 rijen getoond
2026-04-15 11:47:12 | INFO | Imports gedaan — SDM: BikeToDrive_6 _SourceDataModel.db
2026-04-15 11:47:12 | INFO | TABLE_MAPPING gedefinieerd — 23 tabellen geconfigureerd
2026-04-15 11:47:12 | INFO | Generieke functies gedefinieerd (reset_sdm, load_db_to_sdm)
2026-04-15 11:47:12 | INFO | ==================================================
2026-04-15 11:47:12 | INFO | START FULL REFRESH VAN SOURCE DATA MODEL
2026-04-15 11:47:12 | INFO | ==================================================
2026-04-15 11:47:12 | INFO | STAP 1: Reset — alle SDM tabellen leegmaken
2026-04-15 11:47:12 | INFO | STAP 2: Data laden van operationele databases
2026-04-15 11:47:12 | INFO | --- Laden uit: BikeToDrive_1_Accessoireverkoop.db ---
2026-04-15 11:47:12 | INFO | --- Laden uit: BikeToDrive_2_Fietsverkoop.db ---
2026-04-15 11:47:12 | INFO | --- Laden uit: BikeToDrive_3_Onderhoud.db ---
2026-04-15 11:47:12 | INFO | --- Laden uit: BikeToDrive_4_Accessoire_Inkoop.db ---
2026-04-15 11:47:12 | INFO | --- Laden uit: BikeToDrive_5_Fiets_Inkoop.db ---
2026-04-15 11:47:12 | INFO | ==================================================
2026-04-15 11:47:12 | INFO | FULL REFRESH SUCCESVOL AFGEROND
2026-04-15 11:47:12 | INFO | ==================================================
2026-04-15 11:47:12 | INFO | START RESET SDM
2026-04-15 11:47:12 | INFO | RESET VOLTOOID — SDM IS LEEG
2026-04-15 11:47:12 | INFO | Verificatie gestart...
2026-04-15 11:47:12 | INFO | Verificatie afgerond — 23 tabellen gecontroleerd
2026-04-15 11:47:12 | INFO | Preview 'Fiets_Inkoop' — 0 rijen getoond
2026-04-15 11:47:12 | INFO | Imports gedaan — SDM: BikeToDrive_6 _SourceDataModel.db
2026-04-15 11:47:12 | INFO | TABLE_MAPPING gedefinieerd — 23 tabellen geconfigureerd
2026-04-15 11:47:12 | INFO | Generieke functies gedefinieerd (reset_sdm, load_db_to_sdm)
2026-04-15 11:47:12 | INFO | Imports gedaan — SDM: BikeToDrive_6 _SourceDataModel.db
2026-04-15 11:47:12 | INFO | TABLE_MAPPING gedefinieerd — 23 tabellen geconfigureerd
2026-04-15 11:47:12 | INFO | Generieke functies gedefinieerd (reset_sdm, load_db_to_sdm)
2026-04-15 11:47:12 | INFO | ==================================================
2026-04-15 11:47:12 | INFO | START FULL REFRESH VAN SOURCE DATA MODEL
2026-04-15 11:47:12 | INFO | ==================================================
2026-04-15 11:47:12 | INFO | STAP 1: Reset — alle SDM tabellen leegmaken
2026-04-15 11:47:12 | INFO | STAP 2: Data laden van operationele databases
2026-04-15 11:47:12 | INFO | --- Laden uit: BikeToDrive_1_Accessoireverkoop.db ---
2026-04-15 11:47:12 | INFO | --- Laden uit: BikeToDrive_2_Fietsverkoop.db ---
2026-04-15 11:47:12 | INFO | --- Laden uit: BikeToDrive_3_Onderhoud.db ---
2026-04-15 11:47:12 | INFO | --- Laden uit: BikeToDrive_4_Accessoire_Inkoop.db ---
2026-04-15 11:47:12 | INFO | --- Laden uit: BikeToDrive_5_Fiets_Inkoop.db ---
2026-04-15 11:47:12 | INFO | ==================================================
2026-04-15 11:47:12 | INFO | FULL REFRESH SUCCESVOL AFGEROND
2026-04-15 11:47:12 | INFO | ==================================================
2026-04-15 11:47:12 | INFO | START RESET SDM
2026-04-15 11:47:12 | INFO | RESET VOLTOOID — SDM IS LEEG
2026-04-15 11:47:12 | INFO | Verificatie gestart...
2026-04-15 11:47:12 | INFO | Verificatie afgerond — 23 tabellen gecontroleerd
2026-04-15 11:47:12 | INFO | Preview 'Fiets_Inkoop' — 0 rijen getoond
