2026-04-22 00:38:57|INFO|DWH_ETL|Initialize databases: SDM=../WEEK 3/BikeToDrive_6 _SourceDataModel.db, DWH=BikeToDrive_6_Datawarehouse.db
2026-04-22 00:39:00|INFO|DWH-strategie gedetecteerd: SCD2
2026-04-22 00:39:00|INFO|Config: 6 SCD1, 2 SCD2, 3 feiten
2026-04-22 00:39:03|SUCCESS|DWH_ETL|Functions ready
2026-04-22 00:39:07|INFO|DWH_ETL|Start ETL pipeline
2026-04-22 00:39:07|INFO|DWH_ETL|Start step: SCD1 dimensions
2026-04-22 00:39:07|INFO|DWH_ETL|Start SCD1: Datum (196 rows)
2026-04-22 00:39:07|INFO|DWH_ETL|SQL: SELECT * FROM Datum
2026-04-22 00:39:07|INFO|DWH_ETL|SQL: INSERT INTO Datum (...) VALUES (...) [0 rows]
2026-04-22 00:39:07|SUCCESS|DWH_ETL|SCD1 done: Datum (new=0, changed=0)
2026-04-22 00:39:07|INFO|DWH_ETL|Start SCD1: Filiaal (5 rows)
2026-04-22 00:39:07|INFO|DWH_ETL|SQL: SELECT * FROM Filiaal
2026-04-22 00:39:07|INFO|DWH_ETL|SQL: INSERT INTO Filiaal (...) VALUES (...) [0 rows]
2026-04-22 00:39:07|SUCCESS|DWH_ETL|SCD1 done: Filiaal (new=0, changed=0)
2026-04-22 00:39:07|INFO|DWH_ETL|Start SCD1: Leverancier (5 rows)
2026-04-22 00:39:07|INFO|DWH_ETL|SQL: SELECT * FROM Leverancier
2026-04-22 00:39:07|INFO|DWH_ETL|SQL: INSERT INTO Leverancier (...) VALUES (...) [0 rows]
2026-04-22 00:39:07|INFO|DWH_ETL|SQL: UPDATE Leverancier SET naam = ?, adres = ?, woonplaats = ? WHERE leveranciernr = ?
2026-04-22 00:39:07|SUCCESS|DWH_ETL|SCD1 done: Leverancier (new=0, changed=1)
2026-04-22 00:39:07|INFO|DWH_ETL|Start SCD1: Accessoire (13 rows)
2026-04-22 00:39:07|INFO|DWH_ETL|SQL: SELECT * FROM Accessoire
2026-04-22 00:39:07|INFO|DWH_ETL|SQL: INSERT INTO Accessoire (...) VALUES (...) [0 rows]
2026-04-22 00:39:07|SUCCESS|DWH_ETL|SCD1 done: Accessoire (new=0, changed=0)
2026-04-22 00:39:07|INFO|DWH_ETL|Start SCD1: Fabrikant (11 rows)
2026-04-22 00:39:07|INFO|DWH_ETL|SQL: SELECT * FROM Fabrikant
2026-04-22 00:39:07|INFO|DWH_ETL|SQL: INSERT INTO Fabrikant (...) VALUES (...) [0 rows]
2026-04-22 00:39:07|SUCCESS|DWH_ETL|SCD1 done: Fabrikant (new=0, changed=0)
2026-04-22 00:39:07|INFO|DWH_ETL|Start SCD1: Fiets (75 rows)
2026-04-22 00:39:07|INFO|DWH_ETL|SQL: SELECT * FROM Fiets
2026-04-22 00:39:07|INFO|DWH_ETL|SQL: INSERT INTO Fiets (...) VALUES (...) [0 rows]
2026-04-22 00:39:07|SUCCESS|DWH_ETL|SCD1 done: Fiets (new=0, changed=0)
2026-04-22 00:39:07|SUCCESS|DWH_ETL|Step done: SCD1 dimensions
2026-04-22 00:39:07|INFO|DWH_ETL|Start step: SCD2 dimensions
2026-04-22 00:39:07|INFO|DWH_ETL|Start SCD2: Klant (25 rows)
2026-04-22 00:39:07|INFO|DWH_ETL|SQL: SELECT * FROM Klant WHERE eindtijd IS NULL
2026-04-22 00:39:07|INFO|DWH_ETL|SQL: INSERT INTO Klant (...) VALUES (...) [0 rows]
2026-04-22 00:39:07|SUCCESS|DWH_ETL|SCD2 done: Klant (new=0, changed=0)
2026-04-22 00:39:07|INFO|DWH_ETL|Start SCD2: Monteur (15 rows)
2026-04-22 00:39:07|INFO|DWH_ETL|SQL: SELECT * FROM Monteur WHERE eindtijd IS NULL
2026-04-22 00:39:07|INFO|DWH_ETL|SQL: INSERT INTO Monteur (...) VALUES (...) [0 rows]
2026-04-22 00:39:07|SUCCESS|DWH_ETL|SCD2 done: Monteur (new=0, changed=0)
2026-04-22 00:39:07|SUCCESS|DWH_ETL|Step done: SCD2 dimensions
2026-04-22 00:39:07|INFO|DWH_ETL|Start step: fact tables
2026-04-22 00:39:07|INFO|DWH_ETL|SQL: SELECT klantnr, klant_sk FROM Klant WHERE eindtijd IS NULL
2026-04-22 00:39:07|INFO|DWH_ETL|SQL: SELECT monteurnr, monteur_sk FROM Monteur WHERE eindtijd IS NULL
2026-04-22 00:39:07|INFO|DWH_ETL|Start fact load: Accessoire_Verkoop (100 rows)
2026-04-22 00:39:07|INFO|DWH_ETL|SQL: SELECT accessoire_verkoopnr FROM Accessoire_Verkoop
2026-04-22 00:39:07|INFO|DWH_ETL|SQL: INSERT INTO Accessoire_Verkoop (...) VALUES (...) [0 rows]
2026-04-22 00:39:07|SUCCESS|DWH_ETL|Fact done: Accessoire_Verkoop (new=0)
2026-04-22 00:39:07|INFO|DWH_ETL|SQL: SELECT klantnr, klant_sk FROM Klant WHERE eindtijd IS NULL
2026-04-22 00:39:07|INFO|DWH_ETL|SQL: SELECT monteurnr, monteur_sk FROM Monteur WHERE eindtijd IS NULL
2026-04-22 00:39:07|INFO|DWH_ETL|Start fact load: Fiets_Verkoop (150 rows)
2026-04-22 00:39:07|INFO|DWH_ETL|SQL: SELECT fiets_verkoopnr FROM Fiets_Verkoop
2026-04-22 00:39:07|INFO|DWH_ETL|SQL: INSERT INTO Fiets_Verkoop (...) VALUES (...) [0 rows]
2026-04-22 00:39:07|SUCCESS|DWH_ETL|Fact done: Fiets_Verkoop (new=0)
2026-04-22 00:39:07|INFO|DWH_ETL|SQL: SELECT monteurnr, monteur_sk FROM Monteur WHERE eindtijd IS NULL
2026-04-22 00:39:07|INFO|DWH_ETL|Start fact load: Onderhoud (50 rows)
2026-04-22 00:39:07|INFO|DWH_ETL|SQL: SELECT onderhoudnr FROM Onderhoud
2026-04-22 00:39:07|INFO|DWH_ETL|SQL: INSERT INTO Onderhoud (...) VALUES (...) [0 rows]
2026-04-22 00:39:07|SUCCESS|DWH_ETL|Fact done: Onderhoud (new=0)
2026-04-22 00:39:07|SUCCESS|DWH_ETL|Step done: fact tables
2026-04-22 00:39:07|SUCCESS|DWH_ETL|ETL pipeline done
2026-04-22 00:39:19|INFO|DWH_ETL|SQL: UPDATE Accessoire_Verkoop_Leverancier SET naam = 'TEST_HERLAAD' WHERE leveranciernr = 1
2026-04-22 00:39:19|INFO|DWH_ETL|SQL: UPDATE Accessoire_Inkoop_Leverancier SET naam = 'TEST_HERLAAD' WHERE leveranciernr = 1
2026-04-22 00:39:19|INFO|DWH_ETL|SQL: UPDATE Accessoire_Verkoop_Klant SET woonplaats = 'HERLAAD_STAD' WHERE klantnr = 1
2026-04-22 00:39:19|INFO|DWH_ETL|SQL: UPDATE Fiets_Verkoop_Klant SET woonplaats = 'HERLAAD_STAD' WHERE klantnr = 1
2026-04-22 00:39:19|SUCCESS|DWH_ETL|Source update done
2026-04-22 00:39:19|INFO|DWH_ETL|Start reload
2026-04-22 00:39:19|INFO|DWH_ETL|Start SCD1: Datum (196 rows)
2026-04-22 00:39:19|INFO|DWH_ETL|SQL: SELECT * FROM Datum
2026-04-22 00:39:19|INFO|DWH_ETL|SQL: INSERT INTO Datum (...) VALUES (...) [0 rows]
2026-04-22 00:39:19|SUCCESS|DWH_ETL|SCD1 done: Datum (new=0, changed=0)
2026-04-22 00:39:19|INFO|DWH_ETL|Start SCD1: Filiaal (5 rows)
2026-04-22 00:39:19|INFO|DWH_ETL|SQL: SELECT * FROM Filiaal
2026-04-22 00:39:19|INFO|DWH_ETL|SQL: INSERT INTO Filiaal (...) VALUES (...) [0 rows]
2026-04-22 00:39:19|SUCCESS|DWH_ETL|SCD1 done: Filiaal (new=0, changed=0)
2026-04-22 00:39:19|INFO|DWH_ETL|Start SCD1: Leverancier (5 rows)
2026-04-22 00:39:19|INFO|DWH_ETL|SQL: SELECT * FROM Leverancier
2026-04-22 00:39:19|INFO|DWH_ETL|SQL: INSERT INTO Leverancier (...) VALUES (...) [0 rows]
2026-04-22 00:39:19|INFO|DWH_ETL|SQL: UPDATE Leverancier SET naam = ?, adres = ?, woonplaats = ? WHERE leveranciernr = ?
2026-04-22 00:39:19|SUCCESS|DWH_ETL|SCD1 done: Leverancier (new=0, changed=1)
2026-04-22 00:39:19|INFO|DWH_ETL|Start SCD1: Accessoire (13 rows)
2026-04-22 00:39:19|INFO|DWH_ETL|SQL: SELECT * FROM Accessoire
2026-04-22 00:39:19|INFO|DWH_ETL|SQL: INSERT INTO Accessoire (...) VALUES (...) [0 rows]
2026-04-22 00:39:19|SUCCESS|DWH_ETL|SCD1 done: Accessoire (new=0, changed=0)
2026-04-22 00:39:19|INFO|DWH_ETL|Start SCD1: Fabrikant (11 rows)
2026-04-22 00:39:19|INFO|DWH_ETL|SQL: SELECT * FROM Fabrikant
2026-04-22 00:39:19|INFO|DWH_ETL|SQL: INSERT INTO Fabrikant (...) VALUES (...) [0 rows]
2026-04-22 00:39:19|SUCCESS|DWH_ETL|SCD1 done: Fabrikant (new=0, changed=0)
2026-04-22 00:39:19|INFO|DWH_ETL|Start SCD1: Fiets (75 rows)
2026-04-22 00:39:19|INFO|DWH_ETL|SQL: SELECT * FROM Fiets
2026-04-22 00:39:19|INFO|DWH_ETL|SQL: INSERT INTO Fiets (...) VALUES (...) [0 rows]
2026-04-22 00:39:19|SUCCESS|DWH_ETL|SCD1 done: Fiets (new=0, changed=0)
2026-04-22 00:39:19|INFO|DWH_ETL|Start SCD2: Klant (25 rows)
2026-04-22 00:39:19|INFO|DWH_ETL|SQL: SELECT * FROM Klant WHERE eindtijd IS NULL
2026-04-22 00:39:19|INFO|DWH_ETL|SQL: INSERT INTO Klant (...) VALUES (...) [0 rows]
2026-04-22 00:39:19|INFO|DWH_ETL|SQL: UPDATE Klant SET eindtijd = ? WHERE klant_sk = ?
2026-04-22 00:39:19|INFO|DWH_ETL|SQL: INSERT INTO Klant (...) VALUES (...) [1 row]
2026-04-22 00:39:19|SUCCESS|DWH_ETL|SCD2 done: Klant (new=0, changed=1)
2026-04-22 00:39:19|INFO|DWH_ETL|Start SCD2: Monteur (15 rows)
2026-04-22 00:39:19|INFO|DWH_ETL|SQL: SELECT * FROM Monteur WHERE eindtijd IS NULL
2026-04-22 00:39:19|INFO|DWH_ETL|SQL: INSERT INTO Monteur (...) VALUES (...) [0 rows]
2026-04-22 00:39:19|SUCCESS|DWH_ETL|SCD2 done: Monteur (new=0, changed=0)
2026-04-22 00:39:19|INFO|DWH_ETL|SQL: SELECT klantnr, klant_sk FROM Klant WHERE eindtijd IS NULL
2026-04-22 00:39:19|INFO|DWH_ETL|SQL: SELECT monteurnr, monteur_sk FROM Monteur WHERE eindtijd IS NULL
2026-04-22 00:39:19|INFO|DWH_ETL|Start fact load: Accessoire_Verkoop (100 rows)
2026-04-22 00:39:19|INFO|DWH_ETL|SQL: SELECT accessoire_verkoopnr FROM Accessoire_Verkoop
2026-04-22 00:39:19|INFO|DWH_ETL|SQL: INSERT INTO Accessoire_Verkoop (...) VALUES (...) [0 rows]
2026-04-22 00:39:19|SUCCESS|DWH_ETL|Fact done: Accessoire_Verkoop (new=0)
2026-04-22 00:39:19|INFO|DWH_ETL|SQL: SELECT klantnr, klant_sk FROM Klant WHERE eindtijd IS NULL
2026-04-22 00:39:19|INFO|DWH_ETL|SQL: SELECT monteurnr, monteur_sk FROM Monteur WHERE eindtijd IS NULL
2026-04-22 00:39:19|INFO|DWH_ETL|Start fact load: Fiets_Verkoop (150 rows)
2026-04-22 00:39:19|INFO|DWH_ETL|SQL: SELECT fiets_verkoopnr FROM Fiets_Verkoop
2026-04-22 00:39:19|INFO|DWH_ETL|SQL: INSERT INTO Fiets_Verkoop (...) VALUES (...) [0 rows]
2026-04-22 00:39:19|SUCCESS|DWH_ETL|Fact done: Fiets_Verkoop (new=0)
2026-04-22 00:39:19|INFO|DWH_ETL|SQL: SELECT monteurnr, monteur_sk FROM Monteur WHERE eindtijd IS NULL
2026-04-22 00:39:19|INFO|DWH_ETL|Start fact load: Onderhoud (50 rows)
2026-04-22 00:39:19|INFO|DWH_ETL|SQL: SELECT onderhoudnr FROM Onderhoud
2026-04-22 00:39:19|INFO|DWH_ETL|SQL: INSERT INTO Onderhoud (...) VALUES (...) [0 rows]
2026-04-22 00:39:20|SUCCESS|DWH_ETL|Fact done: Onderhoud (new=0)
2026-04-22 00:39:20|SUCCESS|DWH_ETL|Reload done
2026-04-22 00:39:20|SUCCESS|DWH_ETL|Check done: leverancier SCD1
2026-04-22 00:39:20|SUCCESS|DWH_ETL|Check done: klant SCD2 (7 old)
2026-04-22 00:39:20|SUCCESS|DWH_ETL|Check done: no duplicates
2026-04-22 00:39:20|INFO|DWH_ETL|SQL: UPDATE Accessoire_Verkoop_Leverancier SET naam = ? WHERE leveranciernr = 1
2026-04-22 00:39:20|INFO|DWH_ETL|SQL: UPDATE Accessoire_Inkoop_Leverancier SET naam = ? WHERE leveranciernr = 1
2026-04-22 00:39:20|INFO|DWH_ETL|SQL: UPDATE Accessoire_Verkoop_Klant SET woonplaats = ? WHERE klantnr = 1
2026-04-22 00:39:20|INFO|DWH_ETL|SQL: UPDATE Fiets_Verkoop_Klant SET woonplaats = ? WHERE klantnr = 1
2026-04-22 00:39:20|INFO|DWH_ETL|Start SCD1: Datum (196 rows)
2026-04-22 00:39:20|INFO|DWH_ETL|SQL: SELECT * FROM Datum
2026-04-22 00:39:20|INFO|DWH_ETL|SQL: INSERT INTO Datum (...) VALUES (...) [0 rows]
2026-04-22 00:39:20|SUCCESS|DWH_ETL|SCD1 done: Datum (new=0, changed=0)
2026-04-22 00:39:20|INFO|DWH_ETL|Start SCD1: Filiaal (5 rows)
2026-04-22 00:39:20|INFO|DWH_ETL|SQL: SELECT * FROM Filiaal
2026-04-22 00:39:20|INFO|DWH_ETL|SQL: INSERT INTO Filiaal (...) VALUES (...) [0 rows]
2026-04-22 00:39:20|SUCCESS|DWH_ETL|SCD1 done: Filiaal (new=0, changed=0)
2026-04-22 00:39:20|INFO|DWH_ETL|Start SCD1: Leverancier (5 rows)
2026-04-22 00:39:20|INFO|DWH_ETL|SQL: SELECT * FROM Leverancier
2026-04-22 00:39:20|INFO|DWH_ETL|SQL: INSERT INTO Leverancier (...) VALUES (...) [0 rows]
2026-04-22 00:39:20|SUCCESS|DWH_ETL|SCD1 done: Leverancier (new=0, changed=0)
2026-04-22 00:39:20|INFO|DWH_ETL|Start SCD1: Accessoire (13 rows)
2026-04-22 00:39:20|INFO|DWH_ETL|SQL: SELECT * FROM Accessoire
2026-04-22 00:39:20|INFO|DWH_ETL|SQL: INSERT INTO Accessoire (...) VALUES (...) [0 rows]
2026-04-22 00:39:20|SUCCESS|DWH_ETL|SCD1 done: Accessoire (new=0, changed=0)
2026-04-22 00:39:20|INFO|DWH_ETL|Start SCD1: Fabrikant (11 rows)
2026-04-22 00:39:20|INFO|DWH_ETL|SQL: SELECT * FROM Fabrikant
2026-04-22 00:39:20|INFO|DWH_ETL|SQL: INSERT INTO Fabrikant (...) VALUES (...) [0 rows]
2026-04-22 00:39:20|SUCCESS|DWH_ETL|SCD1 done: Fabrikant (new=0, changed=0)
2026-04-22 00:39:20|INFO|DWH_ETL|Start SCD1: Fiets (75 rows)
2026-04-22 00:39:20|INFO|DWH_ETL|SQL: SELECT * FROM Fiets
2026-04-22 00:39:20|INFO|DWH_ETL|SQL: INSERT INTO Fiets (...) VALUES (...) [0 rows]
2026-04-22 00:39:20|SUCCESS|DWH_ETL|SCD1 done: Fiets (new=0, changed=0)
2026-04-22 00:39:20|INFO|DWH_ETL|Start SCD2: Klant (25 rows)
2026-04-22 00:39:20|INFO|DWH_ETL|SQL: SELECT * FROM Klant WHERE eindtijd IS NULL
2026-04-22 00:39:20|INFO|DWH_ETL|SQL: INSERT INTO Klant (...) VALUES (...) [0 rows]
2026-04-22 00:39:20|INFO|DWH_ETL|SQL: UPDATE Klant SET eindtijd = ? WHERE klant_sk = ?
2026-04-22 00:39:20|INFO|DWH_ETL|SQL: INSERT INTO Klant (...) VALUES (...) [1 row]
2026-04-22 00:39:20|SUCCESS|DWH_ETL|SCD2 done: Klant (new=0, changed=1)
2026-04-22 00:39:20|INFO|DWH_ETL|Start SCD2: Monteur (15 rows)
2026-04-22 00:39:20|INFO|DWH_ETL|SQL: SELECT * FROM Monteur WHERE eindtijd IS NULL
2026-04-22 00:39:20|INFO|DWH_ETL|SQL: INSERT INTO Monteur (...) VALUES (...) [0 rows]
2026-04-22 00:39:20|SUCCESS|DWH_ETL|SCD2 done: Monteur (new=0, changed=0)
2026-04-22 00:39:20|SUCCESS|DWH_ETL|Restore done
2026-04-22 00:39:20|SUCCESS|DWH_ETL|Test 6 passed
